This is pdfTeX, Version 3.14159265-2.6-1.40.19 (TeX Live 2018) (preloaded format=pdflatex 2018.9.27)  30 APR 2022 15:04
entering extended mode
 restricted \write18 enabled.
 file:line:error style messages enabled.
 %&-line parsing enabled.
**Supplement_RB.tex
(./Supplement_RB.tex
LaTeX2e <2018-04-01> patch level 2
Babel <3.18> and hyphenation patterns for 84 language(s) loaded.
(/usr/local/texlive/2018/texmf-dist/tex/latex/base/article.cls
Document Class: article 2014/09/29 v1.4h Standard LaTeX document class
(/usr/local/texlive/2018/texmf-dist/tex/latex/base/size10.clo
File: size10.clo 2014/09/29 v1.4h Standard LaTeX file (size option)
)
\c@part=\count80
\c@section=\count81
\c@subsection=\count82
\c@subsubsection=\count83
\c@paragraph=\count84
\c@subparagraph=\count85
\c@figure=\count86
\c@table=\count87
\abovecaptionskip=\skip41
\belowcaptionskip=\skip42
\bibindent=\dimen102
)
(/usr/local/texlive/2018/texmf-dist/tex/latex/geometry/geometry.sty
Package: geometry 2018/03/24 v5.7 Page Geometry

(/usr/local/texlive/2018/texmf-dist/tex/latex/graphics/keyval.sty
Package: keyval 2014/10/28 v1.15 key=value parser (DPC)
\KV@toks@=\toks14
)
(/usr/local/texlive/2018/texmf-dist/tex/generic/oberdiek/ifpdf.sty
Package: ifpdf 2017/03/15 v3.2 Provides the ifpdf switch
)
(/usr/local/texlive/2018/texmf-dist/tex/generic/oberdiek/ifvtex.sty
Package: ifvtex 2016/05/16 v1.6 Detect VTeX and its facilities (HO)
Package ifvtex Info: VTeX not detected.
)
(/usr/local/texlive/2018/texmf-dist/tex/generic/ifxetex/ifxetex.sty
Package: ifxetex 2010/09/12 v0.6 Provides ifxetex conditional
)
\Gm@cnth=\count88
\Gm@cntv=\count89
\c@Gm@tempcnt=\count90
\Gm@bindingoffset=\dimen103
\Gm@wd@mp=\dimen104
\Gm@odd@mp=\dimen105
\Gm@even@mp=\dimen106
\Gm@layoutwidth=\dimen107
\Gm@layoutheight=\dimen108
\Gm@layouthoffset=\dimen109
\Gm@layoutvoffset=\dimen110
\Gm@dimlist=\toks15
)
(/usr/local/texlive/2018/texmf-dist/tex/latex/amsmath/amsmath.sty
Package: amsmath 2017/09/02 v2.17a AMS math features
\@mathmargin=\skip43

For additional information on amsmath, use the `?' option.
(/usr/local/texlive/2018/texmf-dist/tex/latex/amsmath/amstext.sty
Package: amstext 2000/06/29 v2.01 AMS text

(/usr/local/texlive/2018/texmf-dist/tex/latex/amsmath/amsgen.sty
File: amsgen.sty 1999/11/30 v2.0 generic functions
\@emptytoks=\toks16
\ex@=\dimen111
))
(/usr/local/texlive/2018/texmf-dist/tex/latex/amsmath/amsbsy.sty
Package: amsbsy 1999/11/29 v1.2d Bold Symbols
\pmbraise@=\dimen112
)
(/usr/local/texlive/2018/texmf-dist/tex/latex/amsmath/amsopn.sty
Package: amsopn 2016/03/08 v2.02 operator names
)
\inf@bad=\count91
LaTeX Info: Redefining \frac on input line 213.
\uproot@=\count92
\leftroot@=\count93
LaTeX Info: Redefining \overline on input line 375.
\classnum@=\count94
\DOTSCASE@=\count95
LaTeX Info: Redefining \ldots on input line 472.
LaTeX Info: Redefining \dots on input line 475.
LaTeX Info: Redefining \cdots on input line 596.
\Mathstrutbox@=\box26
\strutbox@=\box27
\big@size=\dimen113
LaTeX Font Info:    Redeclaring font encoding OML on input line 712.
LaTeX Font Info:    Redeclaring font encoding OMS on input line 713.
\macc@depth=\count96
\c@MaxMatrixCols=\count97
\dotsspace@=\muskip10
\c@parentequation=\count98
\dspbrk@lvl=\count99
\tag@help=\toks17
\row@=\count100
\column@=\count101
\maxfields@=\count102
\andhelp@=\toks18
\eqnshift@=\dimen114
\alignsep@=\dimen115
\tagshift@=\dimen116
\tagwidth@=\dimen117
\totwidth@=\dimen118
\lineht@=\dimen119
\@envbody=\toks19
\multlinegap=\skip44
\multlinetaggap=\skip45
\mathdisplay@stack=\toks20
LaTeX Info: Redefining \[ on input line 2817.
LaTeX Info: Redefining \] on input line 2818.
)
(/usr/local/texlive/2018/texmf-dist/tex/latex/hyperref/nameref.sty
Package: nameref 2016/05/21 v2.44 Cross-referencing by name of section

(/usr/local/texlive/2018/texmf-dist/tex/latex/oberdiek/refcount.sty
Package: refcount 2016/05/16 v3.5 Data extraction from label references (HO)

(/usr/local/texlive/2018/texmf-dist/tex/generic/oberdiek/ltxcmds.sty
Package: ltxcmds 2016/05/16 v1.23 LaTeX kernel commands for general use (HO)
)
(/usr/local/texlive/2018/texmf-dist/tex/generic/oberdiek/infwarerr.sty
Package: infwarerr 2016/05/16 v1.4 Providing info/warning/error messages (HO)
))
(/usr/local/texlive/2018/texmf-dist/tex/generic/oberdiek/gettitlestring.sty
Package: gettitlestring 2016/05/16 v1.5 Cleanup title references (HO)

(/usr/local/texlive/2018/texmf-dist/tex/latex/oberdiek/kvoptions.sty
Package: kvoptions 2016/05/16 v3.12 Key value format for package options (HO)

(/usr/local/texlive/2018/texmf-dist/tex/generic/oberdiek/kvsetkeys.sty
Package: kvsetkeys 2016/05/16 v1.17 Key value parser (HO)

(/usr/local/texlive/2018/texmf-dist/tex/generic/oberdiek/etexcmds.sty
Package: etexcmds 2016/05/16 v1.6 Avoid name clashes with e-TeX commands (HO)

(/usr/local/texlive/2018/texmf-dist/tex/generic/oberdiek/ifluatex.sty
Package: ifluatex 2016/05/16 v1.4 Provides the ifluatex switch (HO)
Package ifluatex Info: LuaTeX not detected.
)
Package etexcmds Info: Could not find \expanded.
(etexcmds)             That can mean that you are not using pdfTeX 1.50 or
(etexcmds)             that some package has redefined \expanded.
(etexcmds)             In the latter case, load this package earlier.
))))
\c@section@level=\count103
LaTeX Info: Redefining \ref on input line 355.
LaTeX Info: Redefining \pageref on input line 355.
)
(/usr/local/texlive/2018/texmf-dist/tex/latex/tools/bm.sty
Package: bm 2017/01/16 v1.2c Bold Symbol Support (DPC/FMi)
\symboldoperators=\mathgroup4
\symboldletters=\mathgroup5
\symboldsymbols=\mathgroup6
LaTeX Font Info:    Redeclaring math alphabet \mathbf on input line 141.
LaTeX Info: Redefining \bm on input line 207.
)
(/usr/local/texlive/2018/texmf-dist/tex/latex/multirow/multirow.sty
Package: multirow 2016/11/25 v2.2 Span multiple rows of a table
\multirow@colwidth=\skip46
\multirow@cntb=\count104
\multirow@dima=\skip47
\bigstrutjot=\dimen120
)
(/usr/local/texlive/2018/texmf-dist/tex/latex/float/float.sty
Package: float 2001/11/08 v1.3d Float enhancements (AL)
\c@float@type=\count105
\float@exts=\toks21
\float@box=\box28
\@float@everytoks=\toks22
\@floatcapt=\box29
)
(/usr/local/texlive/2018/texmf-dist/tex/latex/graphics/graphicx.sty
Package: graphicx 2017/06/01 v1.1a Enhanced LaTeX Graphics (DPC,SPQR)

(/usr/local/texlive/2018/texmf-dist/tex/latex/graphics/graphics.sty
Package: graphics 2017/06/25 v1.2c Standard LaTeX Graphics (DPC,SPQR)

(/usr/local/texlive/2018/texmf-dist/tex/latex/graphics/trig.sty
Package: trig 2016/01/03 v1.10 sin cos tan (DPC)
)
(/usr/local/texlive/2018/texmf-dist/tex/latex/graphics-cfg/graphics.cfg
File: graphics.cfg 2016/06/04 v1.11 sample graphics configuration
)
Package graphics Info: Driver file: pdftex.def on input line 99.

(/usr/local/texlive/2018/texmf-dist/tex/latex/graphics-def/pdftex.def
File: pdftex.def 2018/01/08 v1.0l Graphics/color driver for pdftex
))
\Gin@req@height=\dimen121
\Gin@req@width=\dimen122
)
(/usr/local/texlive/2018/texmf-dist/tex/latex/bbm-macros/bbm.sty
Package: bbm 1999/03/15 V 1.2 provides fonts for set symbols - TH
LaTeX Font Info:    Overwriting math alphabet `\mathbbm' in version `bold'
(Font)                  U/bbm/m/n --> U/bbm/bx/n on input line 33.
LaTeX Font Info:    Overwriting math alphabet `\mathbbmss' in version `bold'
(Font)                  U/bbmss/m/n --> U/bbmss/bx/n on input line 35.
)
(/usr/local/texlive/2018/texmf-dist/tex/latex/tools/longtable.sty
Package: longtable 2014/10/28 v4.11 Multi-page Table package (DPC)
\LTleft=\skip48
\LTright=\skip49
\LTpre=\skip50
\LTpost=\skip51
\LTchunksize=\count106
\LTcapwidth=\dimen123
\LT@head=\box30
\LT@firsthead=\box31
\LT@foot=\box32
\LT@lastfoot=\box33
\LT@cols=\count107
\LT@rows=\count108
\c@LT@tables=\count109
\c@LT@chunks=\count110
\LT@p@ftn=\toks23
)
(/usr/local/texlive/2018/texmf-dist/tex/latex/tabu/tabu.sty
Package: tabu 2011/02/26 v2.8 - flexible LaTeX tabulars (FC)

(/usr/local/texlive/2018/texmf-dist/tex/latex/tools/array.sty
Package: array 2018/04/07 v2.4g Tabular extension package (FMi)
\col@sep=\dimen124
\ar@mcellbox=\box34
\extrarowheight=\dimen125
\NC@list=\toks24
\extratabsurround=\skip52
\backup@length=\skip53
\ar@cellbox=\box35
)
(/usr/local/texlive/2018/texmf-dist/tex/latex/varwidth/varwidth.sty
Package: varwidth 2009/03/30 ver 0.92;  Variable-width minipages
\@vwid@box=\box36
\sift@deathcycles=\count111
\@vwid@loff=\dimen126
\@vwid@roff=\dimen127
)
\c@taburow=\count112
\tabu@nbcols=\count113
\tabu@cnt=\count114
\tabu@Xcol=\count115
\tabu@alloc=\count116
\tabu@nested=\count117
\tabu@target=\dimen128
\tabu@spreadtarget=\dimen129
\tabu@naturalX=\dimen130
\tabucolX=\dimen131
\tabu@Xsum=\dimen132
\extrarowdepth=\dimen133
\abovetabulinesep=\dimen134
\belowtabulinesep=\dimen135
\tabustrutrule=\dimen136
\tabu@thebody=\toks25
\tabu@footnotes=\toks26
\tabu@box=\box37
\tabu@arstrutbox=\box38
\tabu@hleads=\box39
\tabu@vleads=\box40
\tabu@cellskip=\skip54
)
(/usr/local/texlive/2018/texmf-dist/tex/latex/colortbl/colortbl.sty
Package: colortbl 2012/02/13 v1.0a Color table columns (DPC)

(/usr/local/texlive/2018/texmf-dist/tex/latex/graphics/color.sty
Package: color 2016/07/10 v1.1e Standard LaTeX Color (DPC)

(/usr/local/texlive/2018/texmf-dist/tex/latex/graphics-cfg/color.cfg
File: color.cfg 2016/01/02 v1.6 sample color configuration
)
Package color Info: Driver file: pdftex.def on input line 147.
)
\everycr=\toks27
\minrowclearance=\skip55
)
(/usr/local/texlive/2018/texmf-dist/tex/latex/caption/caption.sty
Package: caption 2016/02/21 v3.3-144 Customizing captions (AR)

(/usr/local/texlive/2018/texmf-dist/tex/latex/caption/caption3.sty
Package: caption3 2016/05/22 v1.7-166 caption3 kernel (AR)
Package caption3 Info: TeX engine: e-TeX on input line 67.
\captionmargin=\dimen137
\captionmargin@=\dimen138
\captionwidth=\dimen139
\caption@tempdima=\dimen140
\caption@indent=\dimen141
\caption@parindent=\dimen142
\caption@hangindent=\dimen143
)
\c@ContinuedFloat=\count118
Package caption Info: float package is loaded.
Package caption Info: longtable package is loaded.

(/usr/local/texlive/2018/texmf-dist/tex/latex/caption/ltcaption.sty
Package: ltcaption 2013/06/09 v1.4-94 longtable captions (AR)
))
(/usr/local/texlive/2018/texmf-dist/tex/latex/cite/cite.sty
LaTeX Info: Redefining \cite on input line 302.
LaTeX Info: Redefining \nocite on input line 332.
Package: cite 2015/02/27  v 5.5
LaTeX Info: Redefining \cite on input line 441.
)
(./Supplement_RB.aux)
\openout1 = `Supplement_RB.aux'.

LaTeX Font Info:    Checking defaults for OML/cmm/m/it on input line 32.
LaTeX Font Info:    ... okay on input line 32.
LaTeX Font Info:    Checking defaults for T1/cmr/m/n on input line 32.
LaTeX Font Info:    ... okay on input line 32.
LaTeX Font Info:    Checking defaults for OT1/cmr/m/n on input line 32.
LaTeX Font Info:    ... okay on input line 32.
LaTeX Font Info:    Checking defaults for OMS/cmsy/m/n on input line 32.
LaTeX Font Info:    ... okay on input line 32.
LaTeX Font Info:    Checking defaults for OMX/cmex/m/n on input line 32.
LaTeX Font Info:    ... okay on input line 32.
LaTeX Font Info:    Checking defaults for U/cmr/m/n on input line 32.
LaTeX Font Info:    ... okay on input line 32.

*geometry* driver: auto-detecting
*geometry* detected driver: pdftex
*geometry* verbose mode - [ preamble ] result:
* driver: pdftex
* paper: <default>
* layout: <same size as paper>
* layoutoffset:(h,v)=(0.0pt,0.0pt)
* modes: 
* h-part:(L,W,R)=(36.135pt, 542.02501pt, 36.135pt)
* v-part:(T,H,B)=(36.135pt, 722.7pt, 36.135pt)
* \paperwidth=614.295pt
* \paperheight=794.96999pt
* \textwidth=542.02501pt
* \textheight=722.7pt
* \oddsidemargin=-36.135pt
* \evensidemargin=-36.135pt
* \topmargin=-73.135pt
* \headheight=12.0pt
* \headsep=25.0pt
* \topskip=10.0pt
* \footskip=30.0pt
* \marginparwidth=65.0pt
* \marginparsep=11.0pt
* \columnsep=10.0pt
* \skip\footins=9.0pt plus 4.0pt minus 2.0pt
* \hoffset=0.0pt
* \voffset=0.0pt
* \mag=1000
* \@twocolumnfalse
* \@twosidefalse
* \@mparswitchfalse
* \@reversemarginfalse
* (1in=72.27pt=25.4mm, 1cm=28.453pt)

(/usr/local/texlive/2018/texmf-dist/tex/context/base/mkii/supp-pdf.mkii
[Loading MPS to PDF converter (version 2006.09.02).]
\scratchcounter=\count119
\scratchdimen=\dimen144
\scratchbox=\box41
\nofMPsegments=\count120
\nofMParguments=\count121
\everyMPshowfont=\toks28
\MPscratchCnt=\count122
\MPscratchDim=\dimen145
\MPnumerator=\count123
\makeMPintoPDFobject=\count124
\everyMPtoPDFconversion=\toks29
) (/usr/local/texlive/2018/texmf-dist/tex/latex/oberdiek/epstopdf-base.sty
Package: epstopdf-base 2016/05/15 v2.6 Base part for package epstopdf

(/usr/local/texlive/2018/texmf-dist/tex/latex/oberdiek/grfext.sty
Package: grfext 2016/05/16 v1.2 Manage graphics extensions (HO)

(/usr/local/texlive/2018/texmf-dist/tex/generic/oberdiek/kvdefinekeys.sty
Package: kvdefinekeys 2016/05/16 v1.4 Define keys (HO)
))
(/usr/local/texlive/2018/texmf-dist/tex/generic/oberdiek/pdftexcmds.sty
Package: pdftexcmds 2018/01/30 v0.27 Utility functions of pdfTeX for LuaTeX (HO
)
Package pdftexcmds Info: LuaTeX not detected.
Package pdftexcmds Info: \pdf@primitive is available.
Package pdftexcmds Info: \pdf@ifprimitive is available.
Package pdftexcmds Info: \pdfdraftmode found.
)
Package epstopdf-base Info: Redefining graphics rule for `.eps' on input line 4
38.
Package grfext Info: Graphics extension search list:
(grfext)             [.pdf,.png,.jpg,.mps,.jpeg,.jbig2,.jb2,.PDF,.PNG,.JPG,.JPE
G,.JBIG2,.JB2,.eps]
(grfext)             \AppendGraphicsExtensions on input line 456.

(/usr/local/texlive/2018/texmf-dist/tex/latex/latexconfig/epstopdf-sys.cfg
File: epstopdf-sys.cfg 2010/07/13 v1.3 Configuration of (r)epstopdf for TeX Liv
e
))
Package caption Info: Begin \AtBeginDocument code.
Package caption Info: End \AtBeginDocument code.

Overfull \hbox (51.88705pt too wide) in paragraph at lines 44--44
 [][] 
 []

(./Supplement_RB.toc [1

{/usr/local/texlive/2018/texmf-var/fonts/map/pdftex/updmap/pdftex.map}])
\tf@toc=\write3
\openout3 = `Supplement_RB.toc'.

 [2]
<images/FigureS1.png, id=19, 434.5836pt x 268.8444pt>
File: images/FigureS1.png Graphic file (type png)
<use images/FigureS1.png>
Package pdftex.def Info: images/FigureS1.png  used on input line 66.
(pdftex.def)             Requested size: 406.51875pt x 251.4913pt.


LaTeX Warning: Citation `fojo2021' on page 3 undefined on input line 68.

<images/FigureS2_Table.png, id=21, 575.14874pt x 449.68pt>
File: images/FigureS2_Table.png Graphic file (type png)
<use images/FigureS2_Table.png>
Package pdftex.def Info: images/FigureS2_Table.png  used on input line 75.
(pdftex.def)             Requested size: 406.51875pt x 317.84782pt.
[3 <./images/FigureS1.png>]
LaTeX Font Info:    Try loading font information for OMS+cmr on input line 79.

(/usr/local/texlive/2018/texmf-dist/tex/latex/base/omscmr.fd
File: omscmr.fd 2014/09/29 v2.5h Standard LaTeX font definitions
)
LaTeX Font Info:    Font shape `OMS/cmr/m/n' in size <10> not available
(Font)              Font shape `OMS/cmsy/m/n' tried instead on input line 79.
<images/FigureS3_Table.png, id=27, 546.04pt x 447.6725pt>
File: images/FigureS3_Table.png Graphic file (type png)
<use images/FigureS3_Table.png>
Package pdftex.def Info: images/FigureS3_Table.png  used on input line 84.
(pdftex.def)             Requested size: 406.51875pt x 333.28758pt.
 [4 <./images/FigureS2_Table.png>]
<images/FigureS4.png, id=33, 840.13875pt x 648.4225pt>
File: images/FigureS4.png Graphic file (type png)
<use images/FigureS4.png>
Package pdftex.def Info: images/FigureS4.png  used on input line 92.
(pdftex.def)             Requested size: 406.51875pt x 313.75237pt.
 [5 <./images/FigureS3_Table.png>]
<images/FigureS5.png, id=38, 747.79375pt x 608.2725pt>
File: images/FigureS5.png Graphic file (type png)
<use images/FigureS5.png>
Package pdftex.def Info: images/FigureS5.png  used on input line 101.
(pdftex.def)             Requested size: 406.51875pt x 330.67125pt.
 [6 <./images/FigureS4.png>]
<images/FigureS6_1.png, id=43, 474.77374pt x 541.02126pt>
File: images/FigureS6_1.png Graphic file (type png)
<use images/FigureS6_1.png>
Package pdftex.def Info: images/FigureS6_1.png  used on input line 109.
(pdftex.def)             Requested size: 406.51875pt x 463.26317pt.

[7 <./images/FigureS5.png>] [8 <./images/FigureS6_1.png>]
<images/FigureS6_2.png, id=53, 460.72125pt x 239.89626pt>
File: images/FigureS6_2.png Graphic file (type png)
<use images/FigureS6_2.png>
Package pdftex.def Info: images/FigureS6_2.png  used on input line 117.
(pdftex.def)             Requested size: 406.51875pt x 211.67307pt.
<images/FigureS7_1.png, id=54, 526.96875pt x 581.17125pt>
File: images/FigureS7_1.png Graphic file (type png)
<use images/FigureS7_1.png>
Package pdftex.def Info: images/FigureS7_1.png  used on input line 125.
(pdftex.def)             Requested size: 406.51875pt x 448.35457pt.
 [9 <./images/FigureS6_2.png>] [10 <./images/FigureS7_1.png>]
<images/FigureS7_2.png, id=63, 524.96124pt x 292.09125pt>
File: images/FigureS7_2.png Graphic file (type png)
<use images/FigureS7_2.png>
Package pdftex.def Info: images/FigureS7_2.png  used on input line 132.
(pdftex.def)             Requested size: 406.51875pt x 226.19453pt.
 [11 <./images/FigureS7_2.png>]
Overfull \hbox (1.50848pt too wide) in paragraph at lines 517--517
 []\OT1/cmr/bx/n/10 Estimate| 
 []


Overfull \hbox (4.75478pt too wide) in paragraph at lines 517--517
 []\OT1/cmr/bx/n/10 Symbol/ 
 []


Overfull \hbox (33.21632pt too wide) in alignment at lines 517--517
 [] [] [] [] [] 
 []


Overfull \hbox (1.50848pt too wide) in paragraph at lines 517--517
 []\OT1/cmr/bx/n/10 Estimate| 
 []


Overfull \hbox (4.75478pt too wide) in paragraph at lines 517--517
 []\OT1/cmr/bx/n/10 Symbol/ 
 []


Overfull \hbox (33.21632pt too wide) in alignment at lines 517--517
 [] [] [] [] [] 
 []


Overfull \hbox (33.21632pt too wide) in alignment at lines 517--517
 [] [] [] [] [] 
 []


Overfull \hbox (33.21632pt too wide) in alignment at lines 517--517
 [] [] [] [] [] 
 []


LaTeX Warning: Citation `hivatlas' on page 12 undefined on input line 517.


LaTeX Warning: Citation `hivatlas' on page 12 undefined on input line 517.


LaTeX Warning: Citation `hivatlas' on page 12 undefined on input line 517.


LaTeX Warning: Citation `twenge2017' on page 12 undefined on input line 517.


LaTeX Warning: Citation `abma2017' on page 12 undefined on input line 517.


LaTeX Warning: Citation `twenge2017' on page 12 undefined on input line 517.


LaTeX Warning: Citation `abma2017' on page 12 undefined on input line 517.


LaTeX Warning: Citation `nhbs24' on page 12 undefined on input line 517.


LaTeX Warning: Citation `strathdee1997' on page 12 undefined on input line 517.



LaTeX Warning: Citation `nhbs24' on page 12 undefined on input line 517.


LaTeX Warning: Citation `shah2016' on page 12 undefined on input line 517.


LaTeX Warning: Citation `nhbs19' on page 12 undefined on input line 517.


LaTeX Warning: Citation `shah2016' on page 12 undefined on input line 517.


LaTeX Warning: Citation `marks2005' on page 12 undefined on input line 517.


LaTeX Warning: Citation `marks2006' on page 12 undefined on input line 517.


LaTeX Warning: Citation `eisinger2019' on page 12 undefined on input line 517.


LaTeX Warning: Citation `pathela2006' on page 12 undefined on input line 517.


LaTeX Warning: Citation `pathela2006' on page 12 undefined on input line 517.


LaTeX Warning: Citation `jenness2010' on page 12 undefined on input line 517.


LaTeX Warning: Citation `bohl2011' on page 12 undefined on input line 517.


LaTeX Warning: Citation `mutanski2014' on page 12 undefined on input line 517.


LaTeX Warning: Citation `fujimoto2015' on page 12 undefined on input line 517.


LaTeX Warning: Citation `hamilton2015' on page 12 undefined on input line 517.


LaTeX Warning: Citation `chow2016' on page 12 undefined on input line 517.


LaTeX Warning: Citation `abma2017' on page 12 undefined on input line 517.


LaTeX Warning: Citation `lindau2007' on page 12 undefined on input line 517.


LaTeX Warning: Citation `smith2018' on page 12 undefined on input line 517.


LaTeX Warning: Citation `glick2018' on page 12 undefined on input line 517.


Overfull \hbox (1.47275pt too wide) in paragraph at lines 517--517
 []\OT1/cmr/m/n/10 Estimated 
 []


LaTeX Warning: Citation `smith2018' on page 12 undefined on input line 517.


LaTeX Warning: Citation `nsduh' on page 12 undefined on input line 517.


LaTeX Warning: Citation `nsduh' on page 12 undefined on input line 517.


LaTeX Warning: Citation `nhbs8' on page 12 undefined on input line 517.


LaTeX Warning: Citation `nhbs11' on page 12 undefined on input line 517.


LaTeX Warning: Citation `nhbs13' on page 12 undefined on input line 517.


LaTeX Warning: Citation `nhbs15' on page 12 undefined on input line 517.


LaTeX Warning: Citation `nhbs18' on page 12 undefined on input line 517.


LaTeX Warning: Citation `nhbs19' on page 12 undefined on input line 517.


LaTeX Warning: Citation `nhbs22' on page 12 undefined on input line 517.


LaTeX Warning: Citation `nhbs24' on page 12 undefined on input line 517.


LaTeX Warning: Citation `brfss.13.17' on page 12 undefined on input line 517.


LaTeX Warning: Citation `cdc18.2' on page 12 undefined on input line 517.


LaTeX Warning: Citation `cdc18.5' on page 12 undefined on input line 517.


LaTeX Warning: Citation `cdc19.3' on page 12 undefined on input line 517.


LaTeX Warning: Citation `cdc20.2' on page 12 undefined on input line 517.


LaTeX Warning: Citation `cdc21.4' on page 12 undefined on input line 517.


LaTeX Warning: Citation `cdc22.2' on page 12 undefined on input line 517.


LaTeX Warning: Citation `cdc23.4' on page 12 undefined on input line 517.


LaTeX Warning: Citation `cdc24.3' on page 12 undefined on input line 517.


LaTeX Warning: Citation `cdc25.2' on page 12 undefined on input line 517.


LaTeX Warning: Citation `finlayson2019' on page 12 undefined on input line 517.



LaTeX Warning: Citation `holloway2017' on page 12 undefined on input line 517.


LaTeX Warning: Citation `nhbs22' on page 12 undefined on input line 517.


LaTeX Warning: Citation `nhbs19' on page 12 undefined on input line 517.


LaTeX Warning: Citation `nhbs24' on page 12 undefined on input line 517.


LaTeX Warning: Citation `finlayson2019' on page 12 undefined on input line 517.



LaTeX Warning: Citation `holloway2017' on page 12 undefined on input line 517.


LaTeX Warning: Citation `nhbs22' on page 12 undefined on input line 517.


LaTeX Warning: Citation `nhbs24' on page 12 undefined on input line 517.


LaTeX Warning: Citation `nhbs22' on page 12 undefined on input line 517.


LaTeX Warning: Citation `nhbs24' on page 12 undefined on input line 517.


LaTeX Warning: Citation `nhbs22' on page 12 undefined on input line 517.


LaTeX Warning: Citation `coy2019' on page 12 undefined on input line 517.


LaTeX Warning: Citation `mccormack2016' on page 12 undefined on input line 517.



LaTeX Warning: Citation `baeten2012' on page 12 undefined on input line 517.


LaTeX Warning: Citation `choopanya2013' on page 12 undefined on input line 517.



LaTeX Warning: Citation `grey2016' on page 12 undefined on input line 517.


LaTeX Warning: Citation `lansky2015' on page 12 undefined on input line 517.


LaTeX Warning: Citation `bhaskaran2008' on page 12 undefined on input line 517.



LaTeX Warning: Citation `cdc24.5' on page 12 undefined on input line 517.


LaTeX Warning: Citation `cdc14' on page 12 undefined on input line 517.


LaTeX Warning: Citation `cdc23' on page 12 undefined on input line 517.


LaTeX Warning: Citation `cdc23' on page 12 undefined on input line 517.


LaTeX Warning: Citation `cdc24.5' on page 12 undefined on input line 517.


LaTeX Warning: Citation `cdc14' on page 12 undefined on input line 517.


LaTeX Warning: Citation `cdc23' on page 12 undefined on input line 517.


LaTeX Warning: Citation `cdc23' on page 12 undefined on input line 517.


LaTeX Warning: Citation `cdc24.5' on page 12 undefined on input line 517.


LaTeX Warning: Citation `cdc14' on page 12 undefined on input line 517.


LaTeX Warning: Citation `cdc23' on page 12 undefined on input line 517.


LaTeX Warning: Citation `cdc23' on page 12 undefined on input line 517.


LaTeX Warning: Citation `mathers2014' on page 12 undefined on input line 517.


LaTeX Warning: Citation `nsduh' on page 12 undefined on input line 517.


Overfull \hbox (33.21632pt too wide) in alignment at lines 517--517
 [] [] [] [] [] 
 []

[12] [13] [14] [15] [16] [17] [18] [19]

LaTeX Warning: Citation `hivatlas' on page 20 undefined on input line 540.


LaTeX Warning: Citation `msa2010' on page 20 undefined on input line 540.


LaTeX Warning: Citation `msa2011' on page 20 undefined on input line 540.


LaTeX Warning: Citation `msa2013' on page 20 undefined on input line 540.


LaTeX Warning: Citation `msa2014' on page 20 undefined on input line 540.


LaTeX Warning: Citation `msa2015' on page 20 undefined on input line 540.


LaTeX Warning: Citation `msa2016' on page 20 undefined on input line 540.


LaTeX Warning: Citation `cdc24.2' on page 20 undefined on input line 540.


LaTeX Warning: Citation `hivatlas' on page 20 undefined on input line 545.


LaTeX Warning: Citation `msa2010' on page 20 undefined on input line 545.


LaTeX Warning: Citation `msa2011' on page 20 undefined on input line 545.


LaTeX Warning: Citation `msa2013' on page 20 undefined on input line 545.


LaTeX Warning: Citation `msa2014' on page 20 undefined on input line 545.


LaTeX Warning: Citation `msa2015' on page 20 undefined on input line 545.


LaTeX Warning: Citation `msa2016' on page 20 undefined on input line 545.


LaTeX Warning: Citation `cdc24.2' on page 20 undefined on input line 545.


LaTeX Warning: Citation `msa2010' on page 20 undefined on input line 550.


LaTeX Warning: Citation `msa2011' on page 20 undefined on input line 550.


LaTeX Warning: Citation `msa2013' on page 20 undefined on input line 550.


LaTeX Warning: Citation `msa2014' on page 20 undefined on input line 550.


LaTeX Warning: Citation `msa2015' on page 20 undefined on input line 550.


LaTeX Warning: Citation `msa2016' on page 20 undefined on input line 550.


LaTeX Warning: Citation `cdc24.2' on page 20 undefined on input line 550.


LaTeX Warning: Citation `hivatlas' on page 20 undefined on input line 553.


LaTeX Warning: Citation `aidsvu_prep' on page 20 undefined on input line 561.


LaTeX Warning: Citation `brfss.13.17' on page 20 undefined on input line 566.


LaTeX Warning: Citation `nsduh' on page 20 undefined on input line 569.


LaTeX Warning: Citation `apids' on page 20 undefined on input line 573.


LaTeX Warning: Citation `apids' on page 20 undefined on input line 576.

[20] [21] [22] [23] [24] [25]
Overfull \hbox (14.4267pt too wide) in paragraph at lines 884--925
[][] 
 []

[26]
Overfull \hbox (14.4267pt too wide) in paragraph at lines 930--971
[][] 
 []

[27]
Overfull \hbox (14.4267pt too wide) in paragraph at lines 976--1018
[][] 
 []

[28] [29] [30] [31] [32] [33] [34] [35]
<base/images/idu_transitions.png, id=152, 850.6179pt x 200.9106pt>
File: base/images/idu_transitions.png Graphic file (type png)
<use base/images/idu_transitions.png>
Package pdftex.def Info: base/images/idu_transitions.png  used on input line 13
47.
(pdftex.def)             Requested size: 406.51875pt x 96.01906pt.

Underfull \hbox (badness 10000) in paragraph at lines 1357--1360

 []


Underfull \hbox (badness 10000) in paragraph at lines 1357--1360

 []

[36 <./base/images/idu_transitions.png>]
Overfull \hbox (8.04794pt too wide) detected at line 1394
\OML/cmm/m/it/10 transmissibility[]\OT1/cmr/m/n/10 (\OML/cmm/m/it/10 t\OT1/cmr/
m/n/10 ) = []
 []

LaTeX Font Info:    Try loading font information for U+bbm on input line 1426.
(/usr/local/texlive/2018/texmf-dist/tex/latex/bbm-macros/ubbm.fd
File: ubbm.fd 1999/03/15 V 1.2 Font definition for bbm font - TH
) [37] [38]
[39] [40]

LaTeX Warning: Citation `haario2001' on page 41 undefined on input line 1601.


LaTeX Warning: Citation `andrieu2008' on page 41 undefined on input line 1601.

[41]

LaTeX Warning: Citation `gelman2014' on page 42 undefined on input line 1626.

[42] [43]

LaTeX Warning: Citation `hanna2009' on page 44 undefined on input line 1783.


LaTeX Warning: Citation `trepka2011' on page 44 undefined on input line 1783.


LaTeX Warning: Citation `fojo2017' on page 44 undefined on input line 1815.

[44]

LaTeX Warning: Citation `hivatlas' on page 45 undefined on input line 1837.


LaTeX Warning: Citation `msa2010' on page 45 undefined on input line 1837.


LaTeX Warning: Citation `msa2011' on page 45 undefined on input line 1837.


LaTeX Warning: Citation `msa2013' on page 45 undefined on input line 1837.


LaTeX Warning: Citation `msa2014' on page 45 undefined on input line 1837.


LaTeX Warning: Citation `msa2015' on page 45 undefined on input line 1837.


LaTeX Warning: Citation `msa2016' on page 45 undefined on input line 1837.


LaTeX Warning: Citation `cdc24.2' on page 45 undefined on input line 1837.


LaTeX Warning: Citation `hivatlas' on page 45 undefined on input line 1866.


LaTeX Warning: Citation `msa2010' on page 45 undefined on input line 1866.


LaTeX Warning: Citation `msa2011' on page 45 undefined on input line 1866.


LaTeX Warning: Citation `msa2013' on page 45 undefined on input line 1866.


LaTeX Warning: Citation `msa2014' on page 45 undefined on input line 1866.


LaTeX Warning: Citation `msa2015' on page 45 undefined on input line 1866.


LaTeX Warning: Citation `msa2016' on page 45 undefined on input line 1866.


LaTeX Warning: Citation `cdc24.2' on page 45 undefined on input line 1866.

[45]

LaTeX Warning: Citation `msa2010' on page 46 undefined on input line 1894.


LaTeX Warning: Citation `msa2011' on page 46 undefined on input line 1894.


LaTeX Warning: Citation `msa2013' on page 46 undefined on input line 1894.


LaTeX Warning: Citation `msa2014' on page 46 undefined on input line 1894.


LaTeX Warning: Citation `msa2015' on page 46 undefined on input line 1894.


LaTeX Warning: Citation `msa2016' on page 46 undefined on input line 1894.


LaTeX Warning: Citation `cdc24.2' on page 46 undefined on input line 1894.


LaTeX Warning: Citation `hanna2009' on page 46 undefined on input line 1902.


LaTeX Warning: Citation `trepka2011' on page 46 undefined on input line 1902.


LaTeX Warning: Citation `hanna2009' on page 46 undefined on input line 1902.


LaTeX Warning: Citation `trepka2011' on page 46 undefined on input line 1902.

[46]

LaTeX Warning: Citation `hivatlas' on page 47 undefined on input line 1917.

[47]

LaTeX Warning: Citation `aidsvu_prep' on page 48 undefined on input line 1986.


LaTeX Warning: Citation `maccannell2015' on page 48 undefined on input line 199
3.


LaTeX Warning: Citation `sullivan2018' on page 48 undefined on input line 1993.


[48]

LaTeX Warning: Citation `maccannell2015' on page 49 undefined on input line 205
8.


LaTeX Warning: Citation `siegler2018' on page 49 undefined on input line 2060.


LaTeX Warning: Citation `aidsvu_prep' on page 49 undefined on input line 2060.


LaTeX Warning: Citation `sullivan2018' on page 49 undefined on input line 2062.



LaTeX Warning: `!h' float specifier changed to `!ht'.

[49]

LaTeX Warning: Citation `cdc_prep_guidelines' on page 50 undefined on input lin
e 2075.


LaTeX Warning: Citation `nhbs24' on page 50 undefined on input line 2075.


LaTeX Warning: Citation `nhbs22' on page 50 undefined on input line 2075.


LaTeX Warning: Citation `nhbs19' on page 50 undefined on input line 2075.


LaTeX Warning: Citation `nhbs22' on page 50 undefined on input line 2092.


LaTeX Warning: Citation `nhbs24' on page 50 undefined on input line 2109.


LaTeX Warning: Citation `nhbs19' on page 50 undefined on input line 2126.


LaTeX Warning: Citation `mosher2005' on page 50 undefined on input line 2143.


LaTeX Warning: Citation `lindau2007' on page 50 undefined on input line 2143.


LaTeX Warning: `!h' float specifier changed to `!ht'.

[50]

LaTeX Warning: Citation `brfss.13.17' on page 51 undefined on input line 2159.


LaTeX Warning: Citation `nhbs8' on page 51 undefined on input line 2195.


LaTeX Warning: Citation `nhbs11' on page 51 undefined on input line 2195.


LaTeX Warning: Citation `nhbs13' on page 51 undefined on input line 2195.


LaTeX Warning: Citation `nhbs15' on page 51 undefined on input line 2195.


LaTeX Warning: Citation `nhbs18' on page 51 undefined on input line 2195.


LaTeX Warning: Citation `nhbs19' on page 51 undefined on input line 2195.


LaTeX Warning: Citation `nhbs22' on page 51 undefined on input line 2195.


LaTeX Warning: Citation `nhbs24' on page 51 undefined on input line 2195.

[51] [52] [53]

LaTeX Warning: Citation `nsduh' on page 54 undefined on input line 2331.


LaTeX Warning: Citation `cdc14' on page 54 undefined on input line 2366.


LaTeX Warning: Citation `cdc14' on page 54 undefined on input line 2373.

[54]

LaTeX Warning: Citation `cdc14' on page 55 undefined on input line 2419.

[55] [56] [57] [58] [59]

LaTeX Warning: Citation `nsduh' on page 60 undefined on input line 2700.

[60]
Underfull \hbox (badness 10000) in paragraph at lines 2735--2736

 []

[61] [62]
No file Supplement_RB.bbl.
[63] (./Supplement_RB.aux)

LaTeX Warning: There were undefined references.


LaTeX Warning: Label(s) may have changed. Rerun to get cross-references right.

 ) 
Here is how much of TeX's memory you used:
 5778 strings out of 492649
 84227 string characters out of 6129622
 512313 words of memory out of 5000000
 9529 multiletter control sequences out of 15000+600000
 18532 words of font info for 67 fonts, out of 8000000 for 9000
 1141 hyphenation exceptions out of 8191
 42i,16n,46p,1157b,575s stack positions out of 5000i,500n,10000p,200000b,80000s
 </Users/Ruchita/Library/texlive/2018/texmf-var/fonts/pk/ljfour/public/bbm/bb
m10.600pk></usr/local/texlive/2018/texmf-dist/fonts/type1/public/amsfonts/cmext
ra/cmbsy7.pfb></usr/local/texlive/2018/texmf-dist/fonts/type1/public/amsfonts/c
m/cmbx10.pfb></usr/local/texlive/2018/texmf-dist/fonts/type1/public/amsfonts/cm
/cmbx12.pfb></usr/local/texlive/2018/texmf-dist/fonts/type1/public/amsfonts/cm/
cmbx6.pfb></usr/local/texlive/2018/texmf-dist/fonts/type1/public/amsfonts/cm/cm
bx7.pfb></usr/local/texlive/2018/texmf-dist/fonts/type1/public/amsfonts/cm/cmbx
8.pfb></usr/local/texlive/2018/texmf-dist/fonts/type1/public/amsfonts/cm/cmbx9.
pfb></usr/local/texlive/2018/texmf-dist/fonts/type1/public/amsfonts/cm/cmbxti10
.pfb></usr/local/texlive/2018/texmf-dist/fonts/type1/public/amsfonts/cm/cmex10.
pfb></usr/local/texlive/2018/texmf-dist/fonts/type1/public/amsfonts/cm/cmmi10.p
fb></usr/local/texlive/2018/texmf-dist/fonts/type1/public/amsfonts/cm/cmmi12.pf
b></usr/local/texlive/2018/texmf-dist/fonts/type1/public/amsfonts/cm/cmmi5.pfb>
</usr/local/texlive/2018/texmf-dist/fonts/type1/public/amsfonts/cm/cmmi7.pfb></
usr/local/texlive/2018/texmf-dist/fonts/type1/public/amsfonts/cm/cmmi8.pfb></us
r/local/texlive/2018/texmf-dist/fonts/type1/public/amsfonts/cm/cmmib10.pfb></us
r/local/texlive/2018/texmf-dist/fonts/type1/public/amsfonts/cmextra/cmmib7.pfb>
</usr/local/texlive/2018/texmf-dist/fonts/type1/public/amsfonts/cm/cmr10.pfb></
usr/local/texlive/2018/texmf-dist/fonts/type1/public/amsfonts/cm/cmr12.pfb></us
r/local/texlive/2018/texmf-dist/fonts/type1/public/amsfonts/cm/cmr17.pfb></usr/
local/texlive/2018/texmf-dist/fonts/type1/public/amsfonts/cm/cmr5.pfb></usr/loc
al/texlive/2018/texmf-dist/fonts/type1/public/amsfonts/cm/cmr6.pfb></usr/local/
texlive/2018/texmf-dist/fonts/type1/public/amsfonts/cm/cmr7.pfb></usr/local/tex
live/2018/texmf-dist/fonts/type1/public/amsfonts/cm/cmr8.pfb></usr/local/texliv
e/2018/texmf-dist/fonts/type1/public/amsfonts/cm/cmr9.pfb></usr/local/texlive/2
018/texmf-dist/fonts/type1/public/amsfonts/cm/cmsy10.pfb></usr/local/texlive/20
18/texmf-dist/fonts/type1/public/amsfonts/cm/cmsy5.pfb></usr/local/texlive/2018
/texmf-dist/fonts/type1/public/amsfonts/cm/cmsy7.pfb></usr/local/texlive/2018/t
exmf-dist/fonts/type1/public/amsfonts/cm/cmti10.pfb></usr/local/texlive/2018/te
xmf-dist/fonts/type1/public/amsfonts/cm/cmti12.pfb>
Output written on Supplement_RB.pdf (63 pages, 1991960 bytes).
PDF statistics:
 351 PDF objects out of 1000 (max. 8388607)
 233 compressed objects within 3 object streams
 0 named destinations out of 1000 (max. 500000)
 51 words of extra memory for PDF output out of 10000 (max. 10000000)

