This is pdfTeX, Version 3.14159265-2.6-1.40.20 (MiKTeX 2.9.7200 64-bit) (preloaded format=pdflatex 2021.11.30)  14 DEC 2021 09:13
entering extended mode
**./Supplement.tex
(Supplement.tex
LaTeX2e <2018-12-01>
("C:\Program Files\MiKTeX 2.9\tex/latex/base\article.cls"
Document Class: article 2018/09/03 v1.4i Standard LaTeX document class
("C:\Program Files\MiKTeX 2.9\tex/latex/base\size10.clo"
File: size10.clo 2018/09/03 v1.4i Standard LaTeX file (size option)
)
\c@part=\count80
\c@section=\count81
\c@subsection=\count82
\c@subsubsection=\count83
\c@paragraph=\count84
\c@subparagraph=\count85
\c@figure=\count86
\c@table=\count87
\abovecaptionskip=\skip41
\belowcaptionskip=\skip42
\bibindent=\dimen102
)
("C:\Program Files\MiKTeX 2.9\tex/latex/geometry\geometry.sty"
Package: geometry 2018/04/16 v5.8 Page Geometry

("C:\Program Files\MiKTeX 2.9\tex/latex/graphics\keyval.sty"
Package: keyval 2014/10/28 v1.15 key=value parser (DPC)
\KV@toks@=\toks14
)
("C:\Program Files\MiKTeX 2.9\tex/generic/oberdiek\ifpdf.sty"
Package: ifpdf 2018/09/07 v3.3 Provides the ifpdf switch
)
("C:\Program Files\MiKTeX 2.9\tex/generic/oberdiek\ifvtex.sty"
Package: ifvtex 2016/05/16 v1.6 Detect VTeX and its facilities (HO)
Package ifvtex Info: VTeX not detected.
)
("C:\Program Files\MiKTeX 2.9\tex/generic/ifxetex\ifxetex.sty"
Package: ifxetex 2010/09/12 v0.6 Provides ifxetex conditional
)
\Gm@cnth=\count88
\Gm@cntv=\count89
\c@Gm@tempcnt=\count90
\Gm@bindingoffset=\dimen103
\Gm@wd@mp=\dimen104
\Gm@odd@mp=\dimen105
\Gm@even@mp=\dimen106
\Gm@layoutwidth=\dimen107
\Gm@layoutheight=\dimen108
\Gm@layouthoffset=\dimen109
\Gm@layoutvoffset=\dimen110
\Gm@dimlist=\toks15

("C:\Program Files\MiKTeX 2.9\tex/latex/geometry\geometry.cfg"))
("C:\Program Files\MiKTeX 2.9\tex/latex/amsmath\amsmath.sty"
Package: amsmath 2018/12/01 v2.17b AMS math features
\@mathmargin=\skip43

For additional information on amsmath, use the `?' option.
("C:\Program Files\MiKTeX 2.9\tex/latex/amsmath\amstext.sty"
Package: amstext 2000/06/29 v2.01 AMS text

("C:\Program Files\MiKTeX 2.9\tex/latex/amsmath\amsgen.sty"
File: amsgen.sty 1999/11/30 v2.0 generic functions
\@emptytoks=\toks16
\ex@=\dimen111
))
("C:\Program Files\MiKTeX 2.9\tex/latex/amsmath\amsbsy.sty"
Package: amsbsy 1999/11/29 v1.2d Bold Symbols
\pmbraise@=\dimen112
)
("C:\Program Files\MiKTeX 2.9\tex/latex/amsmath\amsopn.sty"
Package: amsopn 2016/03/08 v2.02 operator names
)
\inf@bad=\count91
LaTeX Info: Redefining \frac on input line 223.
\uproot@=\count92
\leftroot@=\count93
LaTeX Info: Redefining \overline on input line 385.
\classnum@=\count94
\DOTSCASE@=\count95
LaTeX Info: Redefining \ldots on input line 482.
LaTeX Info: Redefining \dots on input line 485.
LaTeX Info: Redefining \cdots on input line 606.
\Mathstrutbox@=\box27
\strutbox@=\box28
\big@size=\dimen113
LaTeX Font Info:    Redeclaring font encoding OML on input line 729.
LaTeX Font Info:    Redeclaring font encoding OMS on input line 730.
\macc@depth=\count96
\c@MaxMatrixCols=\count97
\dotsspace@=\muskip10
\c@parentequation=\count98
\dspbrk@lvl=\count99
\tag@help=\toks17
\row@=\count100
\column@=\count101
\maxfields@=\count102
\andhelp@=\toks18
\eqnshift@=\dimen114
\alignsep@=\dimen115
\tagshift@=\dimen116
\tagwidth@=\dimen117
\totwidth@=\dimen118
\lineht@=\dimen119
\@envbody=\toks19
\multlinegap=\skip44
\multlinetaggap=\skip45
\mathdisplay@stack=\toks20
LaTeX Info: Redefining \[ on input line 2844.
LaTeX Info: Redefining \] on input line 2845.
)
("C:\Program Files\MiKTeX 2.9\tex/latex/hyperref\nameref.sty"
Package: nameref 2019/09/12 v2.45 Cross-referencing by name of section

("C:\Program Files\MiKTeX 2.9\tex/latex/oberdiek\refcount.sty"
Package: refcount 2016/05/16 v3.5 Data extraction from label references (HO)

("C:\Program Files\MiKTeX 2.9\tex/generic/oberdiek\ltxcmds.sty"
Package: ltxcmds 2016/05/16 v1.23 LaTeX kernel commands for general use (HO)
)
("C:\Program Files\MiKTeX 2.9\tex/generic/oberdiek\infwarerr.sty"
Package: infwarerr 2016/05/16 v1.4 Providing info/warning/error messages (HO)
))
("C:\Program Files\MiKTeX 2.9\tex/generic/oberdiek\gettitlestring.sty"
Package: gettitlestring 2016/05/16 v1.5 Cleanup title references (HO)

("C:\Program Files\MiKTeX 2.9\tex/latex/oberdiek\kvoptions.sty"
Package: kvoptions 2016/05/16 v3.12 Key value format for package options (HO)

("C:\Program Files\MiKTeX 2.9\tex/generic/oberdiek\kvsetkeys.sty"
Package: kvsetkeys 2016/05/16 v1.17 Key value parser (HO)

("C:\Program Files\MiKTeX 2.9\tex/generic/oberdiek\etexcmds.sty"
Package: etexcmds 2016/05/16 v1.6 Avoid name clashes with e-TeX commands (HO)

("C:\Program Files\MiKTeX 2.9\tex/generic/oberdiek\ifluatex.sty"
Package: ifluatex 2016/05/16 v1.4 Provides the ifluatex switch (HO)
Package ifluatex Info: LuaTeX not detected.
)))))
\c@section@level=\count103
LaTeX Info: Redefining \ref on input line 355.
LaTeX Info: Redefining \pageref on input line 355.
)
("C:\Program Files\MiKTeX 2.9\tex/latex/tools\bm.sty"
Package: bm 2017/01/16 v1.2c Bold Symbol Support (DPC/FMi)
\symboldoperators=\mathgroup4
\symboldletters=\mathgroup5
\symboldsymbols=\mathgroup6
LaTeX Font Info:    Redeclaring math alphabet \mathbf on input line 141.
LaTeX Info: Redefining \bm on input line 207.
)
("C:\Program Files\MiKTeX 2.9\tex/latex/multirow\multirow.sty"
Package: multirow 2019/05/31 v2.5 Span multiple rows of a table
\multirow@colwidth=\skip46
\multirow@cntb=\count104
\multirow@dima=\skip47
\bigstrutjot=\dimen120
)
("C:\Program Files\MiKTeX 2.9\tex/latex/float\float.sty"
Package: float 2001/11/08 v1.3d Float enhancements (AL)
\c@float@type=\count105
\float@exts=\toks21
\float@box=\box29
\@float@everytoks=\toks22
\@floatcapt=\box30
)
("C:\Program Files\MiKTeX 2.9\tex/latex/graphics\graphicx.sty"
Package: graphicx 2017/06/01 v1.1a Enhanced LaTeX Graphics (DPC,SPQR)

("C:\Program Files\MiKTeX 2.9\tex/latex/graphics\graphics.sty"
Package: graphics 2017/06/25 v1.2c Standard LaTeX Graphics (DPC,SPQR)

("C:\Program Files\MiKTeX 2.9\tex/latex/graphics\trig.sty"
Package: trig 2016/01/03 v1.10 sin cos tan (DPC)
)
("C:\Program Files\MiKTeX 2.9\tex/latex/graphics-cfg\graphics.cfg"
File: graphics.cfg 2016/06/04 v1.11 sample graphics configuration
)
Package graphics Info: Driver file: pdftex.def on input line 99.

("C:\Program Files\MiKTeX 2.9\tex/latex/graphics-def\pdftex.def"
File: pdftex.def 2018/01/08 v1.0l Graphics/color driver for pdftex
))
\Gin@req@height=\dimen121
\Gin@req@width=\dimen122
)
("C:\Users\Todd Fojo\AppData\Roaming\MiKTeX\2.9\tex/latex/bbm\bbm.sty"
Package: bbm 1999/03/15 V 1.2 provides fonts for set symbols - TH
LaTeX Font Info:    Overwriting math alphabet `\mathbbm' in version `bold'
(Font)                  U/bbm/m/n --> U/bbm/bx/n on input line 33.
LaTeX Font Info:    Overwriting math alphabet `\mathbbmss' in version `bold'
(Font)                  U/bbmss/m/n --> U/bbmss/bx/n on input line 35.
)
("C:\Program Files\MiKTeX 2.9\tex/latex/tools\longtable.sty"
Package: longtable 2014/10/28 v4.11 Multi-page Table package (DPC)+ FMi change
\LTleft=\skip48
\LTright=\skip49
\LTpre=\skip50
\LTpost=\skip51
\LTchunksize=\count106
\LTcapwidth=\dimen123
\LT@head=\box31
\LT@firsthead=\box32
\LT@foot=\box33
\LT@lastfoot=\box34
\LT@cols=\count107
\LT@rows=\count108
\c@LT@tables=\count109
\c@LT@chunks=\count110
\LT@p@ftn=\toks23
)
("C:\Users\Todd Fojo\AppData\Roaming\MiKTeX\2.9\tex/latex/tabu\tabu.sty"
Package: tabu 2019/01/11 v2.9 - flexible LaTeX tabulars (FC+tabu-fixed)

("C:\Program Files\MiKTeX 2.9\tex/latex/tools\array.sty"
Package: array 2018/12/30 v2.4k Tabular extension package (FMi)
\col@sep=\dimen124
\ar@mcellbox=\box35
\extrarowheight=\dimen125
\NC@list=\toks24
\extratabsurround=\skip52
\backup@length=\skip53
\ar@cellbox=\box36
)
("C:\Users\Todd Fojo\AppData\Roaming\MiKTeX\2.9\tex/latex/varwidth\varwidth.sty
"
Package: varwidth 2009/03/30 ver 0.92;  Variable-width minipages
\@vwid@box=\box37
\sift@deathcycles=\count111
\@vwid@loff=\dimen126
\@vwid@roff=\dimen127
)
\c@taburow=\count112
\tabu@nbcols=\count113
\tabu@cnt=\count114
\tabu@Xcol=\count115
\tabu@alloc=\count116
\tabu@nested=\count117
\tabu@target=\dimen128
\tabu@spreadtarget=\dimen129
\tabu@naturalX=\dimen130
\tabucolX=\dimen131
\tabu@Xsum=\dimen132
\extrarowdepth=\dimen133
\abovetabulinesep=\dimen134
\belowtabulinesep=\dimen135
\tabustrutrule=\dimen136
\tabu@thebody=\toks25
\tabu@footnotes=\toks26
\tabu@box=\box38
\tabu@arstrutbox=\box39
\tabu@hleads=\box40
\tabu@vleads=\box41
\tabu@cellskip=\skip54
)
("C:\Users\Todd Fojo\AppData\Roaming\MiKTeX\2.9\tex/latex/colortbl\colortbl.sty
"
Package: colortbl 2020/01/04 v1.0e Color table columns (DPC)
 ("C:\Program Files\MiKTeX 2.9\tex/latex/graphics\color.sty"
Package: color 2016/07/10 v1.1e Standard LaTeX Color (DPC)

("C:\Program Files\MiKTeX 2.9\tex/latex/graphics-cfg\color.cfg"
File: color.cfg 2016/01/02 v1.6 sample color configuration
)
Package color Info: Driver file: pdftex.def on input line 147.
)
\everycr=\toks27
\minrowclearance=\skip55
)
("C:\Users\Todd Fojo\AppData\Roaming\MiKTeX\2.9\tex/latex/caption\caption.sty"
Package: caption 2020/10/26 v3.5g Customizing captions (AR)

("C:\Users\Todd Fojo\AppData\Roaming\MiKTeX\2.9\tex/latex/caption\caption3.sty"
Package: caption3 2020/10/21 v2.2e caption3 kernel (AR)
\captionmargin=\dimen137
\captionmargin@=\dimen138
\captionwidth=\dimen139
\caption@tempdima=\dimen140
\caption@indent=\dimen141
\caption@parindent=\dimen142
\caption@hangindent=\dimen143
Package caption Info: Standard document class detected.
)
\c@caption@flags=\count118
\c@continuedfloat=\count119
Package caption Info: float package is loaded.
Package caption Info: longtable package is loaded.

("C:\Users\Todd Fojo\AppData\Roaming\MiKTeX\2.9\tex/latex/caption\ltcaption.sty
"
Package: ltcaption 2020/05/30 v1.4b longtable captions (AR)
)) ("C:\Users\Todd Fojo\AppData\Roaming\MiKTeX\2.9\tex/latex/cite\cite.sty"
LaTeX Info: Redefining \cite on input line 302.
LaTeX Info: Redefining \nocite on input line 332.
Package: cite 2015/02/27  v 5.5
LaTeX Info: Redefining \cite on input line 441.
)
(Supplement.aux)
\openout1 = `Supplement.aux'.

LaTeX Font Info:    Checking defaults for OML/cmm/m/it on input line 32.
LaTeX Font Info:    ... okay on input line 32.
LaTeX Font Info:    Checking defaults for T1/cmr/m/n on input line 32.
LaTeX Font Info:    ... okay on input line 32.
LaTeX Font Info:    Checking defaults for OT1/cmr/m/n on input line 32.
LaTeX Font Info:    ... okay on input line 32.
LaTeX Font Info:    Checking defaults for OMS/cmsy/m/n on input line 32.
LaTeX Font Info:    ... okay on input line 32.
LaTeX Font Info:    Checking defaults for OMX/cmex/m/n on input line 32.
LaTeX Font Info:    ... okay on input line 32.
LaTeX Font Info:    Checking defaults for U/cmr/m/n on input line 32.
LaTeX Font Info:    ... okay on input line 32.

*geometry* driver: auto-detecting
*geometry* detected driver: pdftex
*geometry* verbose mode - [ preamble ] result:
* driver: pdftex
* paper: <default>
* layout: <same size as paper>
* layoutoffset:(h,v)=(0.0pt,0.0pt)
* modes: 
* h-part:(L,W,R)=(36.135pt, 542.02501pt, 36.135pt)
* v-part:(T,H,B)=(36.135pt, 722.7pt, 36.135pt)
* \paperwidth=614.295pt
* \paperheight=794.96999pt
* \textwidth=542.02501pt
* \textheight=722.7pt
* \oddsidemargin=-36.135pt
* \evensidemargin=-36.135pt
* \topmargin=-73.135pt
* \headheight=12.0pt
* \headsep=25.0pt
* \topskip=10.0pt
* \footskip=30.0pt
* \marginparwidth=65.0pt
* \marginparsep=11.0pt
* \columnsep=10.0pt
* \skip\footins=9.0pt plus 4.0pt minus 2.0pt
* \hoffset=0.0pt
* \voffset=0.0pt
* \mag=1000
* \@twocolumnfalse
* \@twosidefalse
* \@mparswitchfalse
* \@reversemarginfalse
* (1in=72.27pt=25.4mm, 1cm=28.453pt)


("C:\Users\Todd Fojo\AppData\Roaming\MiKTeX\2.9\tex/context/base/mkii\supp-pdf.
mkii"
[Loading MPS to PDF converter (version 2006.09.02).]
\scratchcounter=\count120
\scratchdimen=\dimen144
\scratchbox=\box42
\nofMPsegments=\count121
\nofMParguments=\count122
\everyMPshowfont=\toks28
\MPscratchCnt=\count123
\MPscratchDim=\dimen145
\MPnumerator=\count124
\makeMPintoPDFobject=\count125
\everyMPtoPDFconversion=\toks29
) ("C:\Program Files\MiKTeX 2.9\tex/latex/oberdiek\epstopdf-base.sty"
Package: epstopdf-base 2016/05/15 v2.6 Base part for package epstopdf

("C:\Program Files\MiKTeX 2.9\tex/latex/oberdiek\grfext.sty"
Package: grfext 2016/05/16 v1.2 Manage graphics extensions (HO)

("C:\Program Files\MiKTeX 2.9\tex/generic/oberdiek\kvdefinekeys.sty"
Package: kvdefinekeys 2016/05/16 v1.4 Define keys (HO)
))
("C:\Program Files\MiKTeX 2.9\tex/generic/oberdiek\pdftexcmds.sty"
Package: pdftexcmds 2019/07/25 v0.30 Utility functions of pdfTeX for LuaTeX (HO
)
Package pdftexcmds Info: LuaTeX not detected.
Package pdftexcmds Info: \pdf@primitive is available.
Package pdftexcmds Info: \pdf@ifprimitive is available.
Package pdftexcmds Info: \pdfdraftmode found.
)
Package epstopdf-base Info: Redefining graphics rule for `.eps' on input line 4
38.
Package grfext Info: Graphics extension search list:
(grfext)             [.pdf,.png,.jpg,.mps,.jpeg,.jbig2,.jb2,.PDF,.PNG,.JPG,.JPE
G,.JBIG2,.JB2,.eps]
(grfext)             \AppendGraphicsExtensions on input line 456.
)
Package caption Info: Begin \AtBeginDocument code.
Package caption Info: End \AtBeginDocument code.

Overfull \hbox (13.143pt too wide) in paragraph at lines 44--44
 [][] 
 []

(Supplement.toc [1

{C:/Users/Todd Fojo/AppData/Local/MiKTeX/2.9/pdftex/config/pdftex.map}])
\tf@toc=\write3
\openout3 = `Supplement.toc'.

 [2] [3] [4]
<images/mobility/raw_monthly.png, id=25, 433.62pt x 216.81pt>
File: images/mobility/raw_monthly.png Graphic file (type png)
<use images/mobility/raw_monthly.png>
Package pdftex.def Info: images/mobility/raw_monthly.png  used on input line 13
0.
(pdftex.def)             Requested size: 542.02501pt x 271.0449pt.
<images/mobility/normalized_monthly.png, id=26, 433.62pt x 216.81pt>
File: images/mobility/normalized_monthly.png Graphic file (type png)
<use images/mobility/normalized_monthly.png>
Package pdftex.def Info: images/mobility/normalized_monthly.png  used on input 
line 137.
(pdftex.def)             Requested size: 542.02501pt x 271.0449pt.
 [5 <./images/mobility/raw_monthly.png>]
<images/mobility/eg_trends.png, id=31, 578.16pt x 216.81pt>
File: images/mobility/eg_trends.png Graphic file (type png)
<use images/mobility/eg_trends.png>
Package pdftex.def Info: images/mobility/eg_trends.png  used on input line 170.

(pdftex.def)             Requested size: 542.02501pt x 203.26878pt.
 [6 <./images/mobility/normalized_monthly.png>] [7 <./images/mobility/eg_trends
.png>]
<images/figure_s4.png, id=42, 2354.19525pt x 2820.33675pt>
File: images/figure_s4.png Graphic file (type png)
<use images/figure_s4.png>
Package pdftex.def Info: images/figure_s4.png  used on input line 182.
(pdftex.def)             Requested size: 460.72456pt x 551.92154pt.
<images/figure_s5.png, id=44, 2354.19525pt x 2763.123pt>
File: images/figure_s5.png Graphic file (type png)
<use images/figure_s5.png>
Package pdftex.def Info: images/figure_s5.png  used on input line 189.
(pdftex.def)             Requested size: 460.72456pt x 540.72519pt.
 [8 <./images/figure_s4.png>]
<images/figure_s6.png, id=49, 2354.19525pt x 2293.368pt>
File: images/figure_s6.png Graphic file (type png)
<use images/figure_s6.png>
Package pdftex.def Info: images/figure_s6.png  used on input line 196.
(pdftex.def)             Requested size: 542.02501pt x 527.98846pt.
 [9 <./images/figure_s5.png>] [10 <./images/figure_s6.png>]
[11] ("C:\Program Files\MiKTeX 2.9\tex/latex/base\omscmr.fd")
Overfull \hbox (1.50848pt too wide) in paragraph at lines 632--632
 []\OT1/cmr/bx/n/10 Estimate| 
 []


Overfull \hbox (4.75478pt too wide) in paragraph at lines 632--632
 []\OT1/cmr/bx/n/10 Symbol/ 
 []


Overfull \hbox (33.21634pt too wide) in alignment at lines 632--632
 [] [] [] [] [] 
 []


Overfull \hbox (1.50848pt too wide) in paragraph at lines 632--632
 []\OT1/cmr/bx/n/10 Estimate| 
 []


Overfull \hbox (4.75478pt too wide) in paragraph at lines 632--632
 []\OT1/cmr/bx/n/10 Symbol/ 
 []


Overfull \hbox (33.21634pt too wide) in alignment at lines 632--632
 [] [] [] [] [] 
 []


Overfull \hbox (33.21634pt too wide) in alignment at lines 632--632
 [] [] [] [] [] 
 []


Overfull \hbox (33.21634pt too wide) in alignment at lines 632--632
 [] [] [] [] [] 
 []


Overfull \hbox (1.47275pt too wide) in paragraph at lines 632--632
 []\OT1/cmr/m/n/10 Estimated 
 []


Overfull \hbox (2.74124pt too wide) in paragraph at lines 632--632
 \OT1/cmr/m/n/10 (10.1.2.2[])| 
 []


Overfull \hbox (33.21634pt too wide) in alignment at lines 632--632
 [] [] [] [] [] 
 []

[12] [13] [14] [15] [16] [17] [18] [19]
<../base/images/idu_transitions.png, id=90, 850.6179pt x 200.9106pt>
File: ../base/images/idu_transitions.png Graphic file (type png)
<use ../base/images/idu_transitions.png>
Package pdftex.def Info: ../base/images/idu_transitions.png  used on input line
 673.
(pdftex.def)             Requested size: 406.51875pt x 96.01906pt.

Underfull \hbox (badness 10000) in paragraph at lines 683--686

 []


Underfull \hbox (badness 10000) in paragraph at lines 683--686

 []

[20 <../base/images/idu_transitions.png>]
Overfull \hbox (8.04794pt too wide) detected at line 720
\OML/cmm/m/it/10 transmissibility[]\OT1/cmr/m/n/10 (\OML/cmm/m/it/10 t\OT1/cmr/
m/n/10 ) = []
 []

LaTeX Font Info:    Try loading font information for U+bbm on input line 752.
("C:\Users\Todd Fojo\AppData\Roaming\MiKTeX\2.9\tex/latex/bbm\ubbm.fd"
File: ubbm.fd 1999/03/15 V 1.2 Font definition for bbm font - TH
)
[21] [22] [23] [24] [25] [26] [27] [28] [29] [30] [31] [32]
Overfull \hbox (4.17844pt too wide) in paragraph at lines 1381--1390
[][] 
 []


LaTeX Warning: `!h' float specifier changed to `!ht'.

[33]

LaTeX Warning: `!h' float specifier changed to `!ht'.

[34] [35] [36] [37] [38] [39] [40] [41] [42] [43] [44] [45]
Overfull \hbox (14.4267pt too wide) in paragraph at lines 2100--2138
[][] 
 []

[46]
Overfull \hbox (14.4267pt too wide) in paragraph at lines 2143--2184
[][] 
 []

[47]
Overfull \hbox (14.4267pt too wide) in paragraph at lines 2189--2230
[][] 
 []

[48] [49] [50] [51] [52] [53] [54] [55] [56] [57] [58] [59] [60] [61] [62]
[63] (Supplement.bbl [64] [65] [66] [67] [68] [69]) [70] (Supplement.aux) ) 
Here is how much of TeX's memory you used:
 5954 strings out of 492895
 88882 string characters out of 3133464
 504471 words of memory out of 3000000
 9738 multiletter control sequences out of 15000+200000
 18532 words of font info for 67 fonts, out of 3000000 for 9000
 1141 hyphenation exceptions out of 8191
 42i,16n,40p,1241b,578s stack positions out of 5000i,500n,10000p,200000b,50000s
 <C:
\Users\Todd Fojo\AppData\Local\MiKTeX\2.9\fonts/pk/ljfour/public/bbm/dpi600\bbm
10.pk><C:/Program Files/MiKTeX 2.9/fonts/type1/public/amsfonts/cmextra/cmbsy7.p
fb><C:/Program Files/MiKTeX 2.9/fonts/type1/public/amsfonts/cm/cmbx10.pfb><C:/P
rogram Files/MiKTeX 2.9/fonts/type1/public/amsfonts/cm/cmbx12.pfb><C:/Program F
iles/MiKTeX 2.9/fonts/type1/public/amsfonts/cm/cmbx7.pfb><C:/Program Files/MiKT
eX 2.9/fonts/type1/public/amsfonts/cm/cmbx8.pfb><C:/Program Files/MiKTeX 2.9/fo
nts/type1/public/amsfonts/cm/cmbx9.pfb><C:/Program Files/MiKTeX 2.9/fonts/type1
/public/amsfonts/cm/cmbxti10.pfb><C:/Program Files/MiKTeX 2.9/fonts/type1/publi
c/amsfonts/cm/cmex10.pfb><C:/Program Files/MiKTeX 2.9/fonts/type1/public/amsfon
ts/cm/cmmi10.pfb><C:/Program Files/MiKTeX 2.9/fonts/type1/public/amsfonts/cm/cm
mi12.pfb><C:/Program Files/MiKTeX 2.9/fonts/type1/public/amsfonts/cm/cmmi5.pfb>
<C:/Program Files/MiKTeX 2.9/fonts/type1/public/amsfonts/cm/cmmi7.pfb><C:/Progr
am Files/MiKTeX 2.9/fonts/type1/public/amsfonts/cm/cmmi8.pfb><C:/Program Files/
MiKTeX 2.9/fonts/type1/public/amsfonts/cm/cmmib10.pfb><C:/Program Files/MiKTeX 
2.9/fonts/type1/public/amsfonts/cmextra/cmmib7.pfb><C:/Program Files/MiKTeX 2.9
/fonts/type1/public/amsfonts/cm/cmr10.pfb><C:/Program Files/MiKTeX 2.9/fonts/ty
pe1/public/amsfonts/cm/cmr12.pfb><C:/Program Files/MiKTeX 2.9/fonts/type1/publi
c/amsfonts/cm/cmr17.pfb><C:/Program Files/MiKTeX 2.9/fonts/type1/public/amsfont
s/cm/cmr5.pfb><C:/Program Files/MiKTeX 2.9/fonts/type1/public/amsfonts/cm/cmr6.
pfb><C:/Program Files/MiKTeX 2.9/fonts/type1/public/amsfonts/cm/cmr7.pfb><C:/Pr
ogram Files/MiKTeX 2.9/fonts/type1/public/amsfonts/cm/cmr8.pfb><C:/Program File
s/MiKTeX 2.9/fonts/type1/public/amsfonts/cm/cmr9.pfb><C:/Program Files/MiKTeX 2
.9/fonts/type1/public/amsfonts/cm/cmsy10.pfb><C:/Program Files/MiKTeX 2.9/fonts
/type1/public/amsfonts/cm/cmsy5.pfb><C:/Program Files/MiKTeX 2.9/fonts/type1/pu
blic/amsfonts/cm/cmsy7.pfb><C:/Program Files/MiKTeX 2.9/fonts/type1/public/amsf
onts/cm/cmti10.pfb><C:/Program Files/MiKTeX 2.9/fonts/type1/public/amsfonts/cm/
cmti12.pfb>
Output written on Supplement.pdf (70 pages, 3609502 bytes).
PDF statistics:
 358 PDF objects out of 1000 (max. 8388607)
 0 named destinations out of 1000 (max. 500000)
 36 words of extra memory for PDF output out of 10000 (max. 10000000)

